2020-09-27 01:16:26 [INFO ] c.example.sbs.lolHi.LolHiApplication - Starting LolHiApplication on DESKTOP-PDHQQU8 with PID 8972 (C:\work\sts-4.7.1.RELEASE-workspace\lolHi\target\classes started by Shindong in C:\work\sts-4.7.1.RELEASE-workspace\lolHi)
2020-09-27 01:16:26 [INFO ] c.example.sbs.lolHi.LolHiApplication - The following profiles are active: local
2020-09-27 01:16:26 [INFO ] o.s.b.w.e.tomcat.TomcatWebServer - Tomcat initialized with port(s): 8085 (http)
2020-09-27 01:16:26 [INFO ] o.a.catalina.core.StandardService - Starting service [Tomcat]
2020-09-27 01:16:26 [INFO ] o.a.catalina.core.StandardEngine - Starting Servlet engine: [Apache Tomcat/9.0.38]
2020-09-27 01:16:26 [INFO ] o.a.c.c.C.[Tomcat].[localhost].[/] - Initializing Spring embedded WebApplicationContext
2020-09-27 01:16:26 [INFO ] o.s.b.w.s.c.ServletWebServerApplicationContext - Root WebApplicationContext: initialization completed in 185 ms
2020-09-27 01:16:26 [INFO ] o.s.s.c.ThreadPoolTaskExecutor - Initializing ExecutorService 'applicationTaskExecutor'
2020-09-27 01:16:26 [INFO ] o.s.b.d.a.OptionalLiveReloadServer - LiveReload server is running on port 35729
2020-09-27 01:16:26 [INFO ] o.s.b.w.e.tomcat.TomcatWebServer - Tomcat started on port(s): 8085 (http) with context path ''
2020-09-27 01:16:26 [INFO ] c.example.sbs.lolHi.LolHiApplication - Started LolHiApplication in 0.474 seconds (JVM running for 828.814)
2020-09-27 01:16:26 [INFO ] o.s.b.d.a.ConditionEvaluationDeltaLoggingListener - Condition evaluation unchanged
2020-09-27 01:17:20 [INFO ] o.s.s.c.ThreadPoolTaskExecutor - Shutting down ExecutorService 'applicationTaskExecutor'
2020-09-27 01:17:28 [INFO ] c.example.sbs.lolHi.LolHiApplication - Starting LolHiApplication on DESKTOP-PDHQQU8 with PID 8972 (C:\work\sts-4.7.1.RELEASE-workspace\lolHi\target\classes started by Shindong in C:\work\sts-4.7.1.RELEASE-workspace\lolHi)
2020-09-27 01:17:28 [INFO ] c.example.sbs.lolHi.LolHiApplication - The following profiles are active: local
2020-09-27 01:17:29 [INFO ] o.s.b.w.e.tomcat.TomcatWebServer - Tomcat initialized with port(s): 8085 (http)
2020-09-27 01:17:29 [INFO ] o.a.catalina.core.StandardService - Starting service [Tomcat]
2020-09-27 01:17:29 [INFO ] o.a.catalina.core.StandardEngine - Starting Servlet engine: [Apache Tomcat/9.0.38]
2020-09-27 01:17:29 [INFO ] o.a.c.c.C.[Tomcat].[localhost].[/] - Initializing Spring embedded WebApplicationContext
2020-09-27 01:17:29 [INFO ] o.s.b.w.s.c.ServletWebServerApplicationContext - Root WebApplicationContext: initialization completed in 239 ms
2020-09-27 01:17:29 [INFO ] o.s.s.c.ThreadPoolTaskExecutor - Initializing ExecutorService 'applicationTaskExecutor'
2020-09-27 01:17:29 [INFO ] o.s.b.d.a.OptionalLiveReloadServer - LiveReload server is running on port 35729
2020-09-27 01:17:29 [INFO ] o.s.b.w.e.tomcat.TomcatWebServer - Tomcat started on port(s): 8085 (http) with context path ''
2020-09-27 01:17:29 [INFO ] c.example.sbs.lolHi.LolHiApplication - Started LolHiApplication in 0.368 seconds (JVM running for 891.685)
2020-09-27 01:17:29 [INFO ] o.s.b.d.a.ConditionEvaluationDeltaLoggingListener - Condition evaluation unchanged
2020-09-27 01:19:15 [INFO ] o.s.s.c.ThreadPoolTaskExecutor - Shutting down ExecutorService 'applicationTaskExecutor'
2020-09-27 01:19:16 [INFO ] c.example.sbs.lolHi.LolHiApplication - Starting LolHiApplication on DESKTOP-PDHQQU8 with PID 8972 (C:\work\sts-4.7.1.RELEASE-workspace\lolHi\target\classes started by Shindong in C:\work\sts-4.7.1.RELEASE-workspace\lolHi)
2020-09-27 01:19:16 [INFO ] c.example.sbs.lolHi.LolHiApplication - The following profiles are active: local
2020-09-27 01:19:16 [INFO ] o.s.b.w.e.tomcat.TomcatWebServer - Tomcat initialized with port(s): 8085 (http)
2020-09-27 01:19:16 [INFO ] o.a.catalina.core.StandardService - Starting service [Tomcat]
2020-09-27 01:19:16 [INFO ] o.a.catalina.core.StandardEngine - Starting Servlet engine: [Apache Tomcat/9.0.38]
2020-09-27 01:19:16 [INFO ] o.a.c.c.C.[Tomcat].[localhost].[/] - Initializing Spring embedded WebApplicationContext
2020-09-27 01:19:16 [INFO ] o.s.b.w.s.c.ServletWebServerApplicationContext - Root WebApplicationContext: initialization completed in 194 ms
2020-09-27 01:19:16 [INFO ] o.s.s.c.ThreadPoolTaskExecutor - Initializing ExecutorService 'applicationTaskExecutor'
2020-09-27 01:19:16 [INFO ] o.s.b.d.a.OptionalLiveReloadServer - LiveReload server is running on port 35729
2020-09-27 01:19:16 [INFO ] o.s.b.w.e.tomcat.TomcatWebServer - Tomcat started on port(s): 8085 (http) with context path ''
2020-09-27 01:19:16 [INFO ] c.example.sbs.lolHi.LolHiApplication - Started LolHiApplication in 0.309 seconds (JVM running for 998.763)
2020-09-27 01:19:16 [INFO ] o.s.b.d.a.ConditionEvaluationDeltaLoggingListener - Condition evaluation unchanged
2020-09-27 01:20:21 [INFO ] o.s.s.c.ThreadPoolTaskExecutor - Shutting down ExecutorService 'applicationTaskExecutor'
2020-09-27 01:20:21 [INFO ] c.example.sbs.lolHi.LolHiApplication - Starting LolHiApplication on DESKTOP-PDHQQU8 with PID 8972 (C:\work\sts-4.7.1.RELEASE-workspace\lolHi\target\classes started by Shindong in C:\work\sts-4.7.1.RELEASE-workspace\lolHi)
2020-09-27 01:20:21 [INFO ] c.example.sbs.lolHi.LolHiApplication - The following profiles are active: local
2020-09-27 01:20:21 [INFO ] o.s.b.w.e.tomcat.TomcatWebServer - Tomcat initialized with port(s): 8085 (http)
2020-09-27 01:20:21 [INFO ] o.a.catalina.core.StandardService - Starting service [Tomcat]
2020-09-27 01:20:21 [INFO ] o.a.catalina.core.StandardEngine - Starting Servlet engine: [Apache Tomcat/9.0.38]
2020-09-27 01:20:21 [INFO ] o.a.c.c.C.[Tomcat].[localhost].[/] - Initializing Spring embedded WebApplicationContext
2020-09-27 01:20:21 [INFO ] o.s.b.w.s.c.ServletWebServerApplicationContext - Root WebApplicationContext: initialization completed in 172 ms
2020-09-27 01:20:21 [INFO ] o.s.s.c.ThreadPoolTaskExecutor - Initializing ExecutorService 'applicationTaskExecutor'
2020-09-27 01:20:21 [INFO ] o.s.b.d.a.OptionalLiveReloadServer - LiveReload server is running on port 35729
2020-09-27 01:20:21 [INFO ] o.s.b.w.e.tomcat.TomcatWebServer - Tomcat started on port(s): 8085 (http) with context path ''
2020-09-27 01:20:21 [INFO ] c.example.sbs.lolHi.LolHiApplication - Started LolHiApplication in 0.275 seconds (JVM running for 1064.201)
2020-09-27 01:20:21 [INFO ] o.s.b.d.a.ConditionEvaluationDeltaLoggingListener - Condition evaluation unchanged
2020-09-27 01:22:07 [INFO ] o.s.s.c.ThreadPoolTaskExecutor - Shutting down ExecutorService 'applicationTaskExecutor'
2020-09-27 01:22:07 [INFO ] c.example.sbs.lolHi.LolHiApplication - Starting LolHiApplication on DESKTOP-PDHQQU8 with PID 8972 (C:\work\sts-4.7.1.RELEASE-workspace\lolHi\target\classes started by Shindong in C:\work\sts-4.7.1.RELEASE-workspace\lolHi)
2020-09-27 01:22:07 [INFO ] c.example.sbs.lolHi.LolHiApplication - The following profiles are active: local
2020-09-27 01:22:07 [INFO ] o.s.b.w.e.tomcat.TomcatWebServer - Tomcat initialized with port(s): 8085 (http)
2020-09-27 01:22:07 [INFO ] o.a.catalina.core.StandardService - Starting service [Tomcat]
2020-09-27 01:22:07 [INFO ] o.a.catalina.core.StandardEngine - Starting Servlet engine: [Apache Tomcat/9.0.38]
2020-09-27 01:22:07 [INFO ] o.a.c.c.C.[Tomcat].[localhost].[/] - Initializing Spring embedded WebApplicationContext
2020-09-27 01:22:07 [INFO ] o.s.b.w.s.c.ServletWebServerApplicationContext - Root WebApplicationContext: initialization completed in 196 ms
2020-09-27 01:22:07 [INFO ] o.s.s.c.ThreadPoolTaskExecutor - Initializing ExecutorService 'applicationTaskExecutor'
2020-09-27 01:22:07 [INFO ] o.s.b.d.a.OptionalLiveReloadServer - LiveReload server is running on port 35729
2020-09-27 01:22:07 [INFO ] o.s.b.w.e.tomcat.TomcatWebServer - Tomcat started on port(s): 8085 (http) with context path ''
2020-09-27 01:22:07 [INFO ] c.example.sbs.lolHi.LolHiApplication - Started LolHiApplication in 0.298 seconds (JVM running for 1169.83)
2020-09-27 01:22:07 [INFO ] o.s.b.d.a.ConditionEvaluationDeltaLoggingListener - Condition evaluation unchanged
2020-09-27 01:22:25 [INFO ] o.s.s.c.ThreadPoolTaskExecutor - Shutting down ExecutorService 'applicationTaskExecutor'
2020-09-27 01:22:25 [INFO ] c.example.sbs.lolHi.LolHiApplication - Starting LolHiApplication on DESKTOP-PDHQQU8 with PID 8972 (C:\work\sts-4.7.1.RELEASE-workspace\lolHi\target\classes started by Shindong in C:\work\sts-4.7.1.RELEASE-workspace\lolHi)
2020-09-27 01:22:25 [INFO ] c.example.sbs.lolHi.LolHiApplication - The following profiles are active: local
2020-09-27 01:22:25 [INFO ] o.s.b.w.e.tomcat.TomcatWebServer - Tomcat initialized with port(s): 8085 (http)
2020-09-27 01:22:25 [INFO ] o.a.catalina.core.StandardService - Starting service [Tomcat]
2020-09-27 01:22:25 [INFO ] o.a.catalina.core.StandardEngine - Starting Servlet engine: [Apache Tomcat/9.0.38]
2020-09-27 01:22:25 [INFO ] o.a.c.c.C.[Tomcat].[localhost].[/] - Initializing Spring embedded WebApplicationContext
2020-09-27 01:22:25 [INFO ] o.s.b.w.s.c.ServletWebServerApplicationContext - Root WebApplicationContext: initialization completed in 175 ms
2020-09-27 01:22:25 [WARN ] o.s.b.w.s.c.AnnotationConfigServletWebServerApplicationContext - Exception encountered during context initialization - cancelling refresh attempt: org.springframework.beans.factory.UnsatisfiedDependencyException: Error creating bean with name 'homeController': Unsatisfied dependency expressed through field 'articleService'; nested exception is org.springframework.beans.factory.NoSuchBeanDefinitionException: No qualifying bean of type 'com.example.sbs.lolHi.service.ArticleService' available: expected at least 1 bean which qualifies as autowire candidate. Dependency annotations: {@org.springframework.beans.factory.annotation.Autowired(required=true)}
2020-09-27 01:22:25 [INFO ] o.a.catalina.core.StandardService - Stopping service [Tomcat]
2020-09-27 01:22:25 [INFO ] o.s.b.a.l.ConditionEvaluationReportLoggingListener - 

Error starting ApplicationContext. To display the conditions report re-run your application with 'debug' enabled.
2020-09-27 01:22:25 [ERROR] o.s.b.d.LoggingFailureAnalysisReporter - 

***************************
APPLICATION FAILED TO START
***************************

Description:

Field articleService in com.example.sbs.lolHi.controller.usr.HomeController required a bean of type 'com.example.sbs.lolHi.service.ArticleService' that could not be found.

The injection point has the following annotations:
	- @org.springframework.beans.factory.annotation.Autowired(required=true)


Action:

Consider defining a bean of type 'com.example.sbs.lolHi.service.ArticleService' in your configuration.

2020-09-27 01:22:57 [INFO ] c.example.sbs.lolHi.LolHiApplication - Starting LolHiApplication on DESKTOP-PDHQQU8 with PID 8972 (C:\work\sts-4.7.1.RELEASE-workspace\lolHi\target\classes started by Shindong in C:\work\sts-4.7.1.RELEASE-workspace\lolHi)
2020-09-27 01:22:57 [INFO ] c.example.sbs.lolHi.LolHiApplication - The following profiles are active: local
2020-09-27 01:22:57 [INFO ] o.s.b.w.e.tomcat.TomcatWebServer - Tomcat initialized with port(s): 8085 (http)
2020-09-27 01:22:57 [INFO ] o.a.catalina.core.StandardService - Starting service [Tomcat]
2020-09-27 01:22:57 [INFO ] o.a.catalina.core.StandardEngine - Starting Servlet engine: [Apache Tomcat/9.0.38]
2020-09-27 01:22:57 [INFO ] o.a.c.c.C.[Tomcat-1].[localhost].[/] - Initializing Spring embedded WebApplicationContext
2020-09-27 01:22:57 [INFO ] o.s.b.w.s.c.ServletWebServerApplicationContext - Root WebApplicationContext: initialization completed in 250 ms
2020-09-27 01:22:57 [INFO ] o.s.s.c.ThreadPoolTaskExecutor - Initializing ExecutorService 'applicationTaskExecutor'
2020-09-27 01:22:57 [WARN ] o.s.b.w.s.c.AnnotationConfigServletWebServerApplicationContext - Exception encountered during context initialization - cancelling refresh attempt: org.springframework.beans.factory.BeanCreationException: Error creating bean with name 'requestMappingHandlerMapping' defined in class path resource [org/springframework/boot/autoconfigure/web/servlet/WebMvcAutoConfiguration$EnableWebMvcConfiguration.class]: Invocation of init method failed; nested exception is java.lang.IllegalStateException: Ambiguous mapping. Cannot map 'homeController' method 
com.example.sbs.lolHi.controller.usr.HomeController#showMain3()
to { /usr/home/main3}: There is already 'articleController' bean method
com.example.sbs.lolHi.controller.usr.ArticleController#showMain3() mapped.
2020-09-27 01:22:57 [INFO ] o.s.s.c.ThreadPoolTaskExecutor - Shutting down ExecutorService 'applicationTaskExecutor'
2020-09-27 01:22:57 [INFO ] o.a.catalina.core.StandardService - Stopping service [Tomcat]
2020-09-27 01:22:57 [INFO ] o.s.b.a.l.ConditionEvaluationReportLoggingListener - 

Error starting ApplicationContext. To display the conditions report re-run your application with 'debug' enabled.
2020-09-27 01:22:57 [ERROR] o.s.boot.SpringApplication - Application run failed
org.springframework.beans.factory.BeanCreationException: Error creating bean with name 'requestMappingHandlerMapping' defined in class path resource [org/springframework/boot/autoconfigure/web/servlet/WebMvcAutoConfiguration$EnableWebMvcConfiguration.class]: Invocation of init method failed; nested exception is java.lang.IllegalStateException: Ambiguous mapping. Cannot map 'homeController' method 
com.example.sbs.lolHi.controller.usr.HomeController#showMain3()
to { /usr/home/main3}: There is already 'articleController' bean method
com.example.sbs.lolHi.controller.usr.ArticleController#showMain3() mapped.
	at org.springframework.beans.factory.support.AbstractAutowireCapableBeanFactory.initializeBean(AbstractAutowireCapableBeanFactory.java:1794)
	at org.springframework.beans.factory.support.AbstractAutowireCapableBeanFactory.doCreateBean(AbstractAutowireCapableBeanFactory.java:594)
	at org.springframework.beans.factory.support.AbstractAutowireCapableBeanFactory.createBean(AbstractAutowireCapableBeanFactory.java:516)
	at org.springframework.beans.factory.support.AbstractBeanFactory.lambda$doGetBean$0(AbstractBeanFactory.java:324)
	at org.springframework.beans.factory.support.DefaultSingletonBeanRegistry.getSingleton(DefaultSingletonBeanRegistry.java:234)
	at org.springframework.beans.factory.support.AbstractBeanFactory.doGetBean(AbstractBeanFactory.java:322)
	at org.springframework.beans.factory.support.AbstractBeanFactory.getBean(AbstractBeanFactory.java:202)
	at org.springframework.beans.factory.support.DefaultListableBeanFactory.preInstantiateSingletons(DefaultListableBeanFactory.java:897)
	at org.springframework.context.support.AbstractApplicationContext.finishBeanFactoryInitialization(AbstractApplicationContext.java:879)
	at org.springframework.context.support.AbstractApplicationContext.refresh(AbstractApplicationContext.java:551)
	at org.springframework.boot.web.servlet.context.ServletWebServerApplicationContext.refresh(ServletWebServerApplicationContext.java:143)
	at org.springframework.boot.SpringApplication.refresh(SpringApplication.java:758)
	at org.springframework.boot.SpringApplication.refresh(SpringApplication.java:750)
	at org.springframework.boot.SpringApplication.refreshContext(SpringApplication.java:397)
	at org.springframework.boot.SpringApplication.run(SpringApplication.java:315)
	at org.springframework.boot.SpringApplication.run(SpringApplication.java:1237)
	at org.springframework.boot.SpringApplication.run(SpringApplication.java:1226)
	at com.example.sbs.lolHi.LolHiApplication.main(LolHiApplication.java:10)
	at sun.reflect.NativeMethodAccessorImpl.invoke0(Native Method)
	at sun.reflect.NativeMethodAccessorImpl.invoke(NativeMethodAccessorImpl.java:62)
	at sun.reflect.DelegatingMethodAccessorImpl.invoke(DelegatingMethodAccessorImpl.java:43)
	at java.lang.reflect.Method.invoke(Method.java:498)
	at org.springframework.boot.devtools.restart.RestartLauncher.run(RestartLauncher.java:49)
Caused by: java.lang.IllegalStateException: Ambiguous mapping. Cannot map 'homeController' method 
com.example.sbs.lolHi.controller.usr.HomeController#showMain3()
to { /usr/home/main3}: There is already 'articleController' bean method
com.example.sbs.lolHi.controller.usr.ArticleController#showMain3() mapped.
	at org.springframework.web.servlet.handler.AbstractHandlerMethodMapping$MappingRegistry.validateMethodMapping(AbstractHandlerMethodMapping.java:636)
	at org.springframework.web.servlet.handler.AbstractHandlerMethodMapping$MappingRegistry.register(AbstractHandlerMethodMapping.java:603)
	at org.springframework.web.servlet.handler.AbstractHandlerMethodMapping.registerHandlerMethod(AbstractHandlerMethodMapping.java:318)
	at org.springframework.web.servlet.mvc.method.annotation.RequestMappingHandlerMapping.registerHandlerMethod(RequestMappingHandlerMapping.java:378)
	at org.springframework.web.servlet.mvc.method.annotation.RequestMappingHandlerMapping.registerHandlerMethod(RequestMappingHandlerMapping.java:75)
	at org.springframework.web.servlet.handler.AbstractHandlerMethodMapping.lambda$detectHandlerMethods$1(AbstractHandlerMethodMapping.java:288)
	at java.util.LinkedHashMap.forEach(LinkedHashMap.java:684)
	at org.springframework.web.servlet.handler.AbstractHandlerMethodMapping.detectHandlerMethods(AbstractHandlerMethodMapping.java:286)
	at org.springframework.web.servlet.handler.AbstractHandlerMethodMapping.processCandidateBean(AbstractHandlerMethodMapping.java:258)
	at org.springframework.web.servlet.handler.AbstractHandlerMethodMapping.initHandlerMethods(AbstractHandlerMethodMapping.java:217)
	at org.springframework.web.servlet.handler.AbstractHandlerMethodMapping.afterPropertiesSet(AbstractHandlerMethodMapping.java:205)
	at org.springframework.web.servlet.mvc.method.annotation.RequestMappingHandlerMapping.afterPropertiesSet(RequestMappingHandlerMapping.java:189)
	at org.springframework.beans.factory.support.AbstractAutowireCapableBeanFactory.invokeInitMethods(AbstractAutowireCapableBeanFactory.java:1853)
	at org.springframework.beans.factory.support.AbstractAutowireCapableBeanFactory.initializeBean(AbstractAutowireCapableBeanFactory.java:1790)
	... 22 common frames omitted
2020-09-27 01:23:11 [INFO ] c.example.sbs.lolHi.LolHiApplication - Starting LolHiApplication on DESKTOP-PDHQQU8 with PID 8972 (C:\work\sts-4.7.1.RELEASE-workspace\lolHi\target\classes started by Shindong in C:\work\sts-4.7.1.RELEASE-workspace\lolHi)
2020-09-27 01:23:11 [INFO ] c.example.sbs.lolHi.LolHiApplication - The following profiles are active: local
2020-09-27 01:23:11 [INFO ] o.s.b.w.e.tomcat.TomcatWebServer - Tomcat initialized with port(s): 8085 (http)
2020-09-27 01:23:11 [INFO ] o.a.catalina.core.StandardService - Starting service [Tomcat]
2020-09-27 01:23:11 [INFO ] o.a.catalina.core.StandardEngine - Starting Servlet engine: [Apache Tomcat/9.0.38]
2020-09-27 01:23:11 [INFO ] o.a.c.c.C.[Tomcat-2].[localhost].[/] - Initializing Spring embedded WebApplicationContext
2020-09-27 01:23:11 [INFO ] o.s.b.w.s.c.ServletWebServerApplicationContext - Root WebApplicationContext: initialization completed in 190 ms
2020-09-27 01:23:11 [INFO ] o.s.s.c.ThreadPoolTaskExecutor - Initializing ExecutorService 'applicationTaskExecutor'
2020-09-27 01:23:11 [WARN ] o.s.b.w.s.c.AnnotationConfigServletWebServerApplicationContext - Exception encountered during context initialization - cancelling refresh attempt: org.springframework.beans.factory.BeanCreationException: Error creating bean with name 'requestMappingHandlerMapping' defined in class path resource [org/springframework/boot/autoconfigure/web/servlet/WebMvcAutoConfiguration$EnableWebMvcConfiguration.class]: Invocation of init method failed; nested exception is java.lang.IllegalStateException: Ambiguous mapping. Cannot map 'homeController' method 
com.example.sbs.lolHi.controller.usr.HomeController#showMain3()
to { /usr/home/main3}: There is already 'articleController' bean method
com.example.sbs.lolHi.controller.usr.ArticleController#showMain3() mapped.
2020-09-27 01:23:11 [INFO ] o.s.s.c.ThreadPoolTaskExecutor - Shutting down ExecutorService 'applicationTaskExecutor'
2020-09-27 01:23:11 [INFO ] o.a.catalina.core.StandardService - Stopping service [Tomcat]
2020-09-27 01:23:11 [INFO ] o.s.b.a.l.ConditionEvaluationReportLoggingListener - 

Error starting ApplicationContext. To display the conditions report re-run your application with 'debug' enabled.
2020-09-27 01:23:11 [ERROR] o.s.boot.SpringApplication - Application run failed
org.springframework.beans.factory.BeanCreationException: Error creating bean with name 'requestMappingHandlerMapping' defined in class path resource [org/springframework/boot/autoconfigure/web/servlet/WebMvcAutoConfiguration$EnableWebMvcConfiguration.class]: Invocation of init method failed; nested exception is java.lang.IllegalStateException: Ambiguous mapping. Cannot map 'homeController' method 
com.example.sbs.lolHi.controller.usr.HomeController#showMain3()
to { /usr/home/main3}: There is already 'articleController' bean method
com.example.sbs.lolHi.controller.usr.ArticleController#showMain3() mapped.
	at org.springframework.beans.factory.support.AbstractAutowireCapableBeanFactory.initializeBean(AbstractAutowireCapableBeanFactory.java:1794)
	at org.springframework.beans.factory.support.AbstractAutowireCapableBeanFactory.doCreateBean(AbstractAutowireCapableBeanFactory.java:594)
	at org.springframework.beans.factory.support.AbstractAutowireCapableBeanFactory.createBean(AbstractAutowireCapableBeanFactory.java:516)
	at org.springframework.beans.factory.support.AbstractBeanFactory.lambda$doGetBean$0(AbstractBeanFactory.java:324)
	at org.springframework.beans.factory.support.DefaultSingletonBeanRegistry.getSingleton(DefaultSingletonBeanRegistry.java:234)
	at org.springframework.beans.factory.support.AbstractBeanFactory.doGetBean(AbstractBeanFactory.java:322)
	at org.springframework.beans.factory.support.AbstractBeanFactory.getBean(AbstractBeanFactory.java:202)
	at org.springframework.beans.factory.support.DefaultListableBeanFactory.preInstantiateSingletons(DefaultListableBeanFactory.java:897)
	at org.springframework.context.support.AbstractApplicationContext.finishBeanFactoryInitialization(AbstractApplicationContext.java:879)
	at org.springframework.context.support.AbstractApplicationContext.refresh(AbstractApplicationContext.java:551)
	at org.springframework.boot.web.servlet.context.ServletWebServerApplicationContext.refresh(ServletWebServerApplicationContext.java:143)
	at org.springframework.boot.SpringApplication.refresh(SpringApplication.java:758)
	at org.springframework.boot.SpringApplication.refresh(SpringApplication.java:750)
	at org.springframework.boot.SpringApplication.refreshContext(SpringApplication.java:397)
	at org.springframework.boot.SpringApplication.run(SpringApplication.java:315)
	at org.springframework.boot.SpringApplication.run(SpringApplication.java:1237)
	at org.springframework.boot.SpringApplication.run(SpringApplication.java:1226)
	at com.example.sbs.lolHi.LolHiApplication.main(LolHiApplication.java:10)
	at sun.reflect.NativeMethodAccessorImpl.invoke0(Native Method)
	at sun.reflect.NativeMethodAccessorImpl.invoke(NativeMethodAccessorImpl.java:62)
	at sun.reflect.DelegatingMethodAccessorImpl.invoke(DelegatingMethodAccessorImpl.java:43)
	at java.lang.reflect.Method.invoke(Method.java:498)
	at org.springframework.boot.devtools.restart.RestartLauncher.run(RestartLauncher.java:49)
Caused by: java.lang.IllegalStateException: Ambiguous mapping. Cannot map 'homeController' method 
com.example.sbs.lolHi.controller.usr.HomeController#showMain3()
to { /usr/home/main3}: There is already 'articleController' bean method
com.example.sbs.lolHi.controller.usr.ArticleController#showMain3() mapped.
	at org.springframework.web.servlet.handler.AbstractHandlerMethodMapping$MappingRegistry.validateMethodMapping(AbstractHandlerMethodMapping.java:636)
	at org.springframework.web.servlet.handler.AbstractHandlerMethodMapping$MappingRegistry.register(AbstractHandlerMethodMapping.java:603)
	at org.springframework.web.servlet.handler.AbstractHandlerMethodMapping.registerHandlerMethod(AbstractHandlerMethodMapping.java:318)
	at org.springframework.web.servlet.mvc.method.annotation.RequestMappingHandlerMapping.registerHandlerMethod(RequestMappingHandlerMapping.java:378)
	at org.springframework.web.servlet.mvc.method.annotation.RequestMappingHandlerMapping.registerHandlerMethod(RequestMappingHandlerMapping.java:75)
	at org.springframework.web.servlet.handler.AbstractHandlerMethodMapping.lambda$detectHandlerMethods$1(AbstractHandlerMethodMapping.java:288)
	at java.util.LinkedHashMap.forEach(LinkedHashMap.java:684)
	at org.springframework.web.servlet.handler.AbstractHandlerMethodMapping.detectHandlerMethods(AbstractHandlerMethodMapping.java:286)
	at org.springframework.web.servlet.handler.AbstractHandlerMethodMapping.processCandidateBean(AbstractHandlerMethodMapping.java:258)
	at org.springframework.web.servlet.handler.AbstractHandlerMethodMapping.initHandlerMethods(AbstractHandlerMethodMapping.java:217)
	at org.springframework.web.servlet.handler.AbstractHandlerMethodMapping.afterPropertiesSet(AbstractHandlerMethodMapping.java:205)
	at org.springframework.web.servlet.mvc.method.annotation.RequestMappingHandlerMapping.afterPropertiesSet(RequestMappingHandlerMapping.java:189)
	at org.springframework.beans.factory.support.AbstractAutowireCapableBeanFactory.invokeInitMethods(AbstractAutowireCapableBeanFactory.java:1853)
	at org.springframework.beans.factory.support.AbstractAutowireCapableBeanFactory.initializeBean(AbstractAutowireCapableBeanFactory.java:1790)
	... 22 common frames omitted
2020-09-27 01:24:16 [INFO ] c.example.sbs.lolHi.LolHiApplication - Starting LolHiApplication on DESKTOP-PDHQQU8 with PID 8972 (C:\work\sts-4.7.1.RELEASE-workspace\lolHi\target\classes started by Shindong in C:\work\sts-4.7.1.RELEASE-workspace\lolHi)
2020-09-27 01:24:16 [INFO ] c.example.sbs.lolHi.LolHiApplication - The following profiles are active: local
2020-09-27 01:24:16 [INFO ] o.s.b.w.e.tomcat.TomcatWebServer - Tomcat initialized with port(s): 8085 (http)
2020-09-27 01:24:16 [INFO ] o.a.catalina.core.StandardService - Starting service [Tomcat]
2020-09-27 01:24:16 [INFO ] o.a.catalina.core.StandardEngine - Starting Servlet engine: [Apache Tomcat/9.0.38]
2020-09-27 01:24:16 [INFO ] o.a.c.c.C.[Tomcat-3].[localhost].[/] - Initializing Spring embedded WebApplicationContext
2020-09-27 01:24:16 [INFO ] o.s.b.w.s.c.ServletWebServerApplicationContext - Root WebApplicationContext: initialization completed in 232 ms
2020-09-27 01:24:16 [INFO ] o.s.s.c.ThreadPoolTaskExecutor - Initializing ExecutorService 'applicationTaskExecutor'
2020-09-27 01:24:16 [INFO ] o.s.b.d.a.OptionalLiveReloadServer - LiveReload server is running on port 35729
2020-09-27 01:24:16 [INFO ] o.s.b.w.e.tomcat.TomcatWebServer - Tomcat started on port(s): 8085 (http) with context path ''
2020-09-27 01:24:16 [INFO ] c.example.sbs.lolHi.LolHiApplication - Started LolHiApplication in 0.343 seconds (JVM running for 1299.182)
2020-09-27 01:24:16 [INFO ] o.s.b.d.a.ConditionEvaluationDeltaLoggingListener - Condition evaluation unchanged
2020-09-27 01:24:20 [INFO ] o.a.c.c.C.[Tomcat-3].[localhost].[/] - Initializing Spring DispatcherServlet 'dispatcherServlet'
2020-09-27 01:24:20 [INFO ] o.s.web.servlet.DispatcherServlet - Initializing Servlet 'dispatcherServlet'
2020-09-27 01:24:20 [INFO ] o.s.web.servlet.DispatcherServlet - Completed initialization in 5 ms
2020-09-27 01:26:40 [INFO ] o.s.s.c.ThreadPoolTaskExecutor - Shutting down ExecutorService 'applicationTaskExecutor'
2020-09-27 01:26:40 [INFO ] c.example.sbs.lolHi.LolHiApplication - Starting LolHiApplication on DESKTOP-PDHQQU8 with PID 8972 (C:\work\sts-4.7.1.RELEASE-workspace\lolHi\target\classes started by Shindong in C:\work\sts-4.7.1.RELEASE-workspace\lolHi)
2020-09-27 01:26:40 [INFO ] c.example.sbs.lolHi.LolHiApplication - The following profiles are active: local
2020-09-27 01:26:40 [INFO ] o.s.b.w.e.tomcat.TomcatWebServer - Tomcat initialized with port(s): 8085 (http)
2020-09-27 01:26:40 [INFO ] o.a.catalina.core.StandardService - Starting service [Tomcat]
2020-09-27 01:26:40 [INFO ] o.a.catalina.core.StandardEngine - Starting Servlet engine: [Apache Tomcat/9.0.38]
2020-09-27 01:26:40 [INFO ] o.a.c.c.C.[Tomcat-3].[localhost].[/] - Initializing Spring embedded WebApplicationContext
2020-09-27 01:26:40 [INFO ] o.s.b.w.s.c.ServletWebServerApplicationContext - Root WebApplicationContext: initialization completed in 237 ms
2020-09-27 01:26:41 [INFO ] o.s.s.c.ThreadPoolTaskExecutor - Initializing ExecutorService 'applicationTaskExecutor'
2020-09-27 01:26:41 [INFO ] o.s.b.d.a.OptionalLiveReloadServer - LiveReload server is running on port 35729
2020-09-27 01:26:41 [INFO ] o.s.b.w.e.tomcat.TomcatWebServer - Tomcat started on port(s): 8085 (http) with context path ''
2020-09-27 01:26:41 [INFO ] c.example.sbs.lolHi.LolHiApplication - Started LolHiApplication in 0.387 seconds (JVM running for 1443.529)
2020-09-27 01:26:41 [INFO ] o.s.b.d.a.ConditionEvaluationDeltaLoggingListener - Condition evaluation unchanged
2020-09-27 01:26:42 [INFO ] o.s.s.c.ThreadPoolTaskExecutor - Shutting down ExecutorService 'applicationTaskExecutor'
2020-09-27 01:26:42 [INFO ] c.example.sbs.lolHi.LolHiApplication - Starting LolHiApplication on DESKTOP-PDHQQU8 with PID 8972 (C:\work\sts-4.7.1.RELEASE-workspace\lolHi\target\classes started by Shindong in C:\work\sts-4.7.1.RELEASE-workspace\lolHi)
2020-09-27 01:26:42 [INFO ] c.example.sbs.lolHi.LolHiApplication - The following profiles are active: local
2020-09-27 01:26:42 [INFO ] o.s.b.w.e.tomcat.TomcatWebServer - Tomcat initialized with port(s): 8085 (http)
2020-09-27 01:26:42 [INFO ] o.a.catalina.core.StandardService - Starting service [Tomcat]
2020-09-27 01:26:42 [INFO ] o.a.catalina.core.StandardEngine - Starting Servlet engine: [Apache Tomcat/9.0.38]
2020-09-27 01:26:42 [INFO ] o.a.c.c.C.[Tomcat-3].[localhost].[/] - Initializing Spring embedded WebApplicationContext
2020-09-27 01:26:42 [INFO ] o.s.b.w.s.c.ServletWebServerApplicationContext - Root WebApplicationContext: initialization completed in 188 ms
2020-09-27 01:26:42 [INFO ] o.s.s.c.ThreadPoolTaskExecutor - Initializing ExecutorService 'applicationTaskExecutor'
2020-09-27 01:26:42 [INFO ] o.s.b.d.a.OptionalLiveReloadServer - LiveReload server is running on port 35729
2020-09-27 01:26:42 [INFO ] o.s.b.w.e.tomcat.TomcatWebServer - Tomcat started on port(s): 8085 (http) with context path ''
2020-09-27 01:26:42 [INFO ] c.example.sbs.lolHi.LolHiApplication - Started LolHiApplication in 0.327 seconds (JVM running for 1445.435)
2020-09-27 01:26:42 [INFO ] o.s.b.d.a.ConditionEvaluationDeltaLoggingListener - Condition evaluation unchanged
2020-09-27 01:27:34 [INFO ] o.s.b.a.SpringApplicationAdminMXBeanRegistrar$SpringApplicationAdmin - Application shutdown requested.
2020-09-27 01:27:35 [INFO ] o.s.s.c.ThreadPoolTaskExecutor - Shutting down ExecutorService 'applicationTaskExecutor'
2020-09-27 01:41:41 [INFO ] c.example.sbs.lolHi.LolHiApplication - Starting LolHiApplication on DESKTOP-PDHQQU8 with PID 444 (C:\work\sts-4.7.1.RELEASE-workspace\lolHi\target\classes started by Shindong in C:\work\sts-4.7.1.RELEASE-workspace\lolHi)
2020-09-27 01:41:41 [INFO ] c.example.sbs.lolHi.LolHiApplication - The following profiles are active: local
2020-09-27 01:41:41 [INFO ] o.s.b.d.e.DevToolsPropertyDefaultsPostProcessor - Devtools property defaults active! Set 'spring.devtools.add-properties' to 'false' to disable
2020-09-27 01:41:41 [INFO ] o.s.b.d.e.DevToolsPropertyDefaultsPostProcessor - For additional web related logging consider setting the 'logging.level.web' property to 'DEBUG'
2020-09-27 01:41:41 [WARN ] o.m.s.mapper.ClassPathMapperScanner - No MyBatis mapper was found in '[com.example.sbs.lolHi]' package. Please check your configuration.
2020-09-27 01:41:42 [INFO ] o.s.b.w.e.tomcat.TomcatWebServer - Tomcat initialized with port(s): 8085 (http)
2020-09-27 01:41:42 [INFO ] o.a.coyote.http11.Http11NioProtocol - Initializing ProtocolHandler ["http-nio-8085"]
2020-09-27 01:41:42 [INFO ] o.a.catalina.core.StandardService - Starting service [Tomcat]
2020-09-27 01:41:42 [INFO ] o.a.catalina.core.StandardEngine - Starting Servlet engine: [Apache Tomcat/9.0.38]
2020-09-27 01:41:42 [INFO ] org.apache.jasper.servlet.TldScanner - At least one JAR was scanned for TLDs yet contained no TLDs. Enable debug logging for this logger for a complete list of JARs that were scanned but no TLDs were found in them. Skipping unneeded JARs during scanning can improve startup time and JSP compilation time.
2020-09-27 01:41:42 [INFO ] o.a.c.c.C.[Tomcat].[localhost].[/] - Initializing Spring embedded WebApplicationContext
2020-09-27 01:41:42 [INFO ] o.s.b.w.s.c.ServletWebServerApplicationContext - Root WebApplicationContext: initialization completed in 1251 ms
2020-09-27 01:41:42 [INFO ] o.s.s.c.ThreadPoolTaskExecutor - Initializing ExecutorService 'applicationTaskExecutor'
2020-09-27 01:41:42 [INFO ] o.s.b.d.a.OptionalLiveReloadServer - LiveReload server is running on port 35729
2020-09-27 01:41:42 [INFO ] o.a.coyote.http11.Http11NioProtocol - Starting ProtocolHandler ["http-nio-8085"]
2020-09-27 01:41:42 [INFO ] o.s.b.w.e.tomcat.TomcatWebServer - Tomcat started on port(s): 8085 (http) with context path ''
2020-09-27 01:41:42 [INFO ] c.example.sbs.lolHi.LolHiApplication - Started LolHiApplication in 2.463 seconds (JVM running for 3.207)
2020-09-27 01:41:43 [INFO ] o.a.c.c.C.[Tomcat].[localhost].[/] - Initializing Spring DispatcherServlet 'dispatcherServlet'
2020-09-27 01:41:43 [INFO ] o.s.web.servlet.DispatcherServlet - Initializing Servlet 'dispatcherServlet'
2020-09-27 01:41:43 [INFO ] o.s.web.servlet.DispatcherServlet - Completed initialization in 5 ms
2020-09-27 01:42:20 [INFO ] o.s.s.c.ThreadPoolTaskExecutor - Shutting down ExecutorService 'applicationTaskExecutor'
2020-09-27 01:42:21 [INFO ] c.example.sbs.lolHi.LolHiApplication - Starting LolHiApplication on DESKTOP-PDHQQU8 with PID 444 (C:\work\sts-4.7.1.RELEASE-workspace\lolHi\target\classes started by Shindong in C:\work\sts-4.7.1.RELEASE-workspace\lolHi)
2020-09-27 01:42:21 [INFO ] c.example.sbs.lolHi.LolHiApplication - The following profiles are active: local
2020-09-27 01:42:21 [WARN ] o.m.s.mapper.ClassPathMapperScanner - No MyBatis mapper was found in '[com.example.sbs.lolHi]' package. Please check your configuration.
2020-09-27 01:42:21 [INFO ] o.s.b.w.e.tomcat.TomcatWebServer - Tomcat initialized with port(s): 8085 (http)
2020-09-27 01:42:21 [INFO ] o.a.coyote.http11.Http11NioProtocol - Initializing ProtocolHandler ["http-nio-8085"]
2020-09-27 01:42:21 [INFO ] o.a.catalina.core.StandardService - Starting service [Tomcat]
2020-09-27 01:42:21 [INFO ] o.a.catalina.core.StandardEngine - Starting Servlet engine: [Apache Tomcat/9.0.38]
2020-09-27 01:42:21 [INFO ] org.apache.jasper.servlet.TldScanner - At least one JAR was scanned for TLDs yet contained no TLDs. Enable debug logging for this logger for a complete list of JARs that were scanned but no TLDs were found in them. Skipping unneeded JARs during scanning can improve startup time and JSP compilation time.
2020-09-27 01:42:21 [INFO ] o.a.c.c.C.[Tomcat].[localhost].[/] - Initializing Spring embedded WebApplicationContext
2020-09-27 01:42:21 [INFO ] o.s.b.w.s.c.ServletWebServerApplicationContext - Root WebApplicationContext: initialization completed in 555 ms
2020-09-27 01:42:21 [WARN ] o.s.b.w.s.c.AnnotationConfigServletWebServerApplicationContext - Exception encountered during context initialization - cancelling refresh attempt: org.springframework.beans.factory.BeanCreationException: Error creating bean with name 'articleController': Lookup method resolution failed; nested exception is java.lang.IllegalStateException: Failed to introspect Class [com.example.sbs.lolHi.controller.usr.ArticleController] from ClassLoader [org.springframework.boot.devtools.restart.classloader.RestartClassLoader@6fdb90a2]
2020-09-27 01:42:21 [INFO ] o.a.catalina.core.StandardService - Stopping service [Tomcat]
2020-09-27 01:42:21 [INFO ] o.s.b.a.l.ConditionEvaluationReportLoggingListener - 

Error starting ApplicationContext. To display the conditions report re-run your application with 'debug' enabled.
2020-09-27 01:42:21 [ERROR] o.s.boot.SpringApplication - Application run failed
org.springframework.beans.factory.BeanCreationException: Error creating bean with name 'articleController': Lookup method resolution failed; nested exception is java.lang.IllegalStateException: Failed to introspect Class [com.example.sbs.lolHi.controller.usr.ArticleController] from ClassLoader [org.springframework.boot.devtools.restart.classloader.RestartClassLoader@6fdb90a2]
	at org.springframework.beans.factory.annotation.AutowiredAnnotationBeanPostProcessor.determineCandidateConstructors(AutowiredAnnotationBeanPostProcessor.java:289)
	at org.springframework.beans.factory.support.AbstractAutowireCapableBeanFactory.determineConstructorsFromBeanPostProcessors(AbstractAutowireCapableBeanFactory.java:1285)
	at org.springframework.beans.factory.support.AbstractAutowireCapableBeanFactory.createBeanInstance(AbstractAutowireCapableBeanFactory.java:1200)
	at org.springframework.beans.factory.support.AbstractAutowireCapableBeanFactory.doCreateBean(AbstractAutowireCapableBeanFactory.java:556)
	at org.springframework.beans.factory.support.AbstractAutowireCapableBeanFactory.createBean(AbstractAutowireCapableBeanFactory.java:516)
	at org.springframework.beans.factory.support.AbstractBeanFactory.lambda$doGetBean$0(AbstractBeanFactory.java:324)
	at org.springframework.beans.factory.support.DefaultSingletonBeanRegistry.getSingleton(DefaultSingletonBeanRegistry.java:234)
	at org.springframework.beans.factory.support.AbstractBeanFactory.doGetBean(AbstractBeanFactory.java:322)
	at org.springframework.beans.factory.support.AbstractBeanFactory.getBean(AbstractBeanFactory.java:202)
	at org.springframework.beans.factory.support.DefaultListableBeanFactory.preInstantiateSingletons(DefaultListableBeanFactory.java:897)
	at org.springframework.context.support.AbstractApplicationContext.finishBeanFactoryInitialization(AbstractApplicationContext.java:879)
	at org.springframework.context.support.AbstractApplicationContext.refresh(AbstractApplicationContext.java:551)
	at org.springframework.boot.web.servlet.context.ServletWebServerApplicationContext.refresh(ServletWebServerApplicationContext.java:143)
	at org.springframework.boot.SpringApplication.refresh(SpringApplication.java:758)
	at org.springframework.boot.SpringApplication.refresh(SpringApplication.java:750)
	at org.springframework.boot.SpringApplication.refreshContext(SpringApplication.java:397)
	at org.springframework.boot.SpringApplication.run(SpringApplication.java:315)
	at org.springframework.boot.SpringApplication.run(SpringApplication.java:1237)
	at org.springframework.boot.SpringApplication.run(SpringApplication.java:1226)
	at com.example.sbs.lolHi.LolHiApplication.main(LolHiApplication.java:10)
	at sun.reflect.NativeMethodAccessorImpl.invoke0(Native Method)
	at sun.reflect.NativeMethodAccessorImpl.invoke(NativeMethodAccessorImpl.java:62)
	at sun.reflect.DelegatingMethodAccessorImpl.invoke(DelegatingMethodAccessorImpl.java:43)
	at java.lang.reflect.Method.invoke(Method.java:498)
	at org.springframework.boot.devtools.restart.RestartLauncher.run(RestartLauncher.java:49)
Caused by: java.lang.IllegalStateException: Failed to introspect Class [com.example.sbs.lolHi.controller.usr.ArticleController] from ClassLoader [org.springframework.boot.devtools.restart.classloader.RestartClassLoader@6fdb90a2]
	at org.springframework.util.ReflectionUtils.getDeclaredMethods(ReflectionUtils.java:481)
	at org.springframework.util.ReflectionUtils.doWithLocalMethods(ReflectionUtils.java:321)
	at org.springframework.beans.factory.annotation.AutowiredAnnotationBeanPostProcessor.determineCandidateConstructors(AutowiredAnnotationBeanPostProcessor.java:267)
	... 24 common frames omitted
Caused by: java.lang.NoClassDefFoundError: Model
	at java.lang.Class.getDeclaredMethods0(Native Method)
	at java.lang.Class.privateGetDeclaredMethods(Class.java:2701)
	at java.lang.Class.getDeclaredMethods(Class.java:1975)
	at org.springframework.util.ReflectionUtils.getDeclaredMethods(ReflectionUtils.java:463)
	... 26 common frames omitted
Caused by: java.lang.ClassNotFoundException: Model
	at java.net.URLClassLoader.findClass(URLClassLoader.java:382)
	at java.lang.ClassLoader.loadClass(ClassLoader.java:418)
	at sun.misc.Launcher$AppClassLoader.loadClass(Launcher.java:355)
	at java.lang.ClassLoader.loadClass(ClassLoader.java:351)
	at java.lang.Class.forName0(Native Method)
	at java.lang.Class.forName(Class.java:348)
	at org.springframework.boot.devtools.restart.classloader.RestartClassLoader.loadClass(RestartClassLoader.java:144)
	at java.lang.ClassLoader.loadClass(ClassLoader.java:351)
	... 30 common frames omitted
2020-09-27 01:43:07 [INFO ] c.example.sbs.lolHi.LolHiApplication - Starting LolHiApplication on DESKTOP-PDHQQU8 with PID 444 (C:\work\sts-4.7.1.RELEASE-workspace\lolHi\target\classes started by Shindong in C:\work\sts-4.7.1.RELEASE-workspace\lolHi)
2020-09-27 01:43:07 [INFO ] c.example.sbs.lolHi.LolHiApplication - The following profiles are active: local
2020-09-27 01:43:07 [WARN ] o.m.s.mapper.ClassPathMapperScanner - No MyBatis mapper was found in '[com.example.sbs.lolHi]' package. Please check your configuration.
2020-09-27 01:43:07 [INFO ] o.s.b.w.e.tomcat.TomcatWebServer - Tomcat initialized with port(s): 8085 (http)
2020-09-27 01:43:07 [INFO ] o.a.coyote.http11.Http11NioProtocol - Initializing ProtocolHandler ["http-nio-8085"]
2020-09-27 01:43:07 [INFO ] o.a.catalina.core.StandardService - Starting service [Tomcat]
2020-09-27 01:43:07 [INFO ] o.a.catalina.core.StandardEngine - Starting Servlet engine: [Apache Tomcat/9.0.38]
2020-09-27 01:43:07 [INFO ] org.apache.jasper.servlet.TldScanner - At least one JAR was scanned for TLDs yet contained no TLDs. Enable debug logging for this logger for a complete list of JARs that were scanned but no TLDs were found in them. Skipping unneeded JARs during scanning can improve startup time and JSP compilation time.
2020-09-27 01:43:07 [INFO ] o.a.c.c.C.[Tomcat-1].[localhost].[/] - Initializing Spring embedded WebApplicationContext
2020-09-27 01:43:07 [INFO ] o.s.b.w.s.c.ServletWebServerApplicationContext - Root WebApplicationContext: initialization completed in 342 ms
2020-09-27 01:43:07 [INFO ] o.s.s.c.ThreadPoolTaskExecutor - Initializing ExecutorService 'applicationTaskExecutor'
2020-09-27 01:43:08 [INFO ] o.s.b.d.a.OptionalLiveReloadServer - LiveReload server is running on port 35729
2020-09-27 01:43:08 [INFO ] o.a.coyote.http11.Http11NioProtocol - Starting ProtocolHandler ["http-nio-8085"]
2020-09-27 01:43:08 [INFO ] o.s.b.w.e.tomcat.TomcatWebServer - Tomcat started on port(s): 8085 (http) with context path ''
2020-09-27 01:43:08 [INFO ] c.example.sbs.lolHi.LolHiApplication - Started LolHiApplication in 0.551 seconds (JVM running for 88.321)
2020-09-27 01:43:08 [INFO ] o.s.b.d.a.ConditionEvaluationDeltaLoggingListener - Condition evaluation unchanged
2020-09-27 01:43:09 [INFO ] o.a.c.c.C.[Tomcat-1].[localhost].[/] - Initializing Spring DispatcherServlet 'dispatcherServlet'
2020-09-27 01:43:09 [INFO ] o.s.web.servlet.DispatcherServlet - Initializing Servlet 'dispatcherServlet'
2020-09-27 01:43:09 [INFO ] o.s.web.servlet.DispatcherServlet - Completed initialization in 4 ms
2020-09-27 01:46:09 [INFO ] o.s.s.c.ThreadPoolTaskExecutor - Shutting down ExecutorService 'applicationTaskExecutor'
2020-09-27 01:46:09 [INFO ] c.example.sbs.lolHi.LolHiApplication - Starting LolHiApplication on DESKTOP-PDHQQU8 with PID 444 (C:\work\sts-4.7.1.RELEASE-workspace\lolHi\target\classes started by Shindong in C:\work\sts-4.7.1.RELEASE-workspace\lolHi)
2020-09-27 01:46:09 [INFO ] c.example.sbs.lolHi.LolHiApplication - The following profiles are active: local
2020-09-27 01:46:09 [WARN ] o.m.s.mapper.ClassPathMapperScanner - No MyBatis mapper was found in '[com.example.sbs.lolHi]' package. Please check your configuration.
2020-09-27 01:46:10 [INFO ] o.s.b.w.e.tomcat.TomcatWebServer - Tomcat initialized with port(s): 8085 (http)
2020-09-27 01:46:10 [INFO ] o.a.coyote.http11.Http11NioProtocol - Initializing ProtocolHandler ["http-nio-8085"]
2020-09-27 01:46:10 [INFO ] o.a.catalina.core.StandardService - Starting service [Tomcat]
2020-09-27 01:46:10 [INFO ] o.a.catalina.core.StandardEngine - Starting Servlet engine: [Apache Tomcat/9.0.38]
2020-09-27 01:46:10 [INFO ] org.apache.jasper.servlet.TldScanner - At least one JAR was scanned for TLDs yet contained no TLDs. Enable debug logging for this logger for a complete list of JARs that were scanned but no TLDs were found in them. Skipping unneeded JARs during scanning can improve startup time and JSP compilation time.
2020-09-27 01:46:10 [INFO ] o.a.c.c.C.[Tomcat-1].[localhost].[/] - Initializing Spring embedded WebApplicationContext
2020-09-27 01:46:10 [INFO ] o.s.b.w.s.c.ServletWebServerApplicationContext - Root WebApplicationContext: initialization completed in 329 ms
2020-09-27 01:46:10 [INFO ] o.s.s.c.ThreadPoolTaskExecutor - Initializing ExecutorService 'applicationTaskExecutor'
2020-09-27 01:46:10 [INFO ] o.s.b.d.a.OptionalLiveReloadServer - LiveReload server is running on port 35729
2020-09-27 01:46:10 [INFO ] o.a.coyote.http11.Http11NioProtocol - Starting ProtocolHandler ["http-nio-8085"]
2020-09-27 01:46:10 [INFO ] o.s.b.w.e.tomcat.TomcatWebServer - Tomcat started on port(s): 8085 (http) with context path ''
2020-09-27 01:46:10 [INFO ] c.example.sbs.lolHi.LolHiApplication - Started LolHiApplication in 0.524 seconds (JVM running for 270.515)
2020-09-27 01:46:10 [INFO ] o.s.b.d.a.ConditionEvaluationDeltaLoggingListener - Condition evaluation unchanged
2020-09-27 01:47:57 [INFO ] o.s.s.c.ThreadPoolTaskExecutor - Shutting down ExecutorService 'applicationTaskExecutor'
2020-09-27 01:47:57 [INFO ] c.example.sbs.lolHi.LolHiApplication - Starting LolHiApplication on DESKTOP-PDHQQU8 with PID 444 (C:\work\sts-4.7.1.RELEASE-workspace\lolHi\target\classes started by Shindong in C:\work\sts-4.7.1.RELEASE-workspace\lolHi)
2020-09-27 01:47:57 [INFO ] c.example.sbs.lolHi.LolHiApplication - The following profiles are active: local
2020-09-27 01:47:58 [WARN ] o.m.s.mapper.ClassPathMapperScanner - No MyBatis mapper was found in '[com.example.sbs.lolHi]' package. Please check your configuration.
2020-09-27 01:47:58 [INFO ] o.s.b.w.e.tomcat.TomcatWebServer - Tomcat initialized with port(s): 8085 (http)
2020-09-27 01:47:58 [INFO ] o.a.coyote.http11.Http11NioProtocol - Initializing ProtocolHandler ["http-nio-8085"]
2020-09-27 01:47:58 [INFO ] o.a.catalina.core.StandardService - Starting service [Tomcat]
2020-09-27 01:47:58 [INFO ] o.a.catalina.core.StandardEngine - Starting Servlet engine: [Apache Tomcat/9.0.38]
2020-09-27 01:47:58 [INFO ] org.apache.jasper.servlet.TldScanner - At least one JAR was scanned for TLDs yet contained no TLDs. Enable debug logging for this logger for a complete list of JARs that were scanned but no TLDs were found in them. Skipping unneeded JARs during scanning can improve startup time and JSP compilation time.
2020-09-27 01:47:58 [INFO ] o.a.c.c.C.[Tomcat-1].[localhost].[/] - Initializing Spring embedded WebApplicationContext
2020-09-27 01:47:58 [INFO ] o.s.b.w.s.c.ServletWebServerApplicationContext - Root WebApplicationContext: initialization completed in 290 ms
2020-09-27 01:47:58 [INFO ] o.s.s.c.ThreadPoolTaskExecutor - Initializing ExecutorService 'applicationTaskExecutor'
2020-09-27 01:47:58 [INFO ] o.s.b.d.a.OptionalLiveReloadServer - LiveReload server is running on port 35729
2020-09-27 01:47:58 [INFO ] o.a.coyote.http11.Http11NioProtocol - Starting ProtocolHandler ["http-nio-8085"]
2020-09-27 01:47:58 [INFO ] o.s.b.w.e.tomcat.TomcatWebServer - Tomcat started on port(s): 8085 (http) with context path ''
2020-09-27 01:47:58 [INFO ] c.example.sbs.lolHi.LolHiApplication - Started LolHiApplication in 0.476 seconds (JVM running for 378.685)
2020-09-27 01:47:58 [INFO ] o.s.b.d.a.ConditionEvaluationDeltaLoggingListener - Condition evaluation unchanged
2020-09-27 01:48:12 [INFO ] o.s.s.c.ThreadPoolTaskExecutor - Shutting down ExecutorService 'applicationTaskExecutor'
2020-09-27 01:48:12 [INFO ] c.example.sbs.lolHi.LolHiApplication - Starting LolHiApplication on DESKTOP-PDHQQU8 with PID 444 (C:\work\sts-4.7.1.RELEASE-workspace\lolHi\target\classes started by Shindong in C:\work\sts-4.7.1.RELEASE-workspace\lolHi)
2020-09-27 01:48:12 [INFO ] c.example.sbs.lolHi.LolHiApplication - The following profiles are active: local
2020-09-27 01:48:12 [WARN ] o.m.s.mapper.ClassPathMapperScanner - No MyBatis mapper was found in '[com.example.sbs.lolHi]' package. Please check your configuration.
2020-09-27 01:48:12 [INFO ] o.s.b.w.e.tomcat.TomcatWebServer - Tomcat initialized with port(s): 8085 (http)
2020-09-27 01:48:12 [INFO ] o.a.coyote.http11.Http11NioProtocol - Initializing ProtocolHandler ["http-nio-8085"]
2020-09-27 01:48:12 [INFO ] o.a.catalina.core.StandardService - Starting service [Tomcat]
2020-09-27 01:48:12 [INFO ] o.a.catalina.core.StandardEngine - Starting Servlet engine: [Apache Tomcat/9.0.38]
2020-09-27 01:48:12 [INFO ] org.apache.jasper.servlet.TldScanner - At least one JAR was scanned for TLDs yet contained no TLDs. Enable debug logging for this logger for a complete list of JARs that were scanned but no TLDs were found in them. Skipping unneeded JARs during scanning can improve startup time and JSP compilation time.
2020-09-27 01:48:12 [INFO ] o.a.c.c.C.[Tomcat-1].[localhost].[/] - Initializing Spring embedded WebApplicationContext
2020-09-27 01:48:12 [INFO ] o.s.b.w.s.c.ServletWebServerApplicationContext - Root WebApplicationContext: initialization completed in 296 ms
2020-09-27 01:48:12 [INFO ] o.s.s.c.ThreadPoolTaskExecutor - Initializing ExecutorService 'applicationTaskExecutor'
2020-09-27 01:48:13 [INFO ] o.s.b.d.a.OptionalLiveReloadServer - LiveReload server is running on port 35729
2020-09-27 01:48:13 [INFO ] o.a.coyote.http11.Http11NioProtocol - Starting ProtocolHandler ["http-nio-8085"]
2020-09-27 01:48:13 [INFO ] o.s.b.w.e.tomcat.TomcatWebServer - Tomcat started on port(s): 8085 (http) with context path ''
2020-09-27 01:48:13 [INFO ] c.example.sbs.lolHi.LolHiApplication - Started LolHiApplication in 0.493 seconds (JVM running for 393.325)
2020-09-27 01:48:13 [INFO ] o.s.b.d.a.ConditionEvaluationDeltaLoggingListener - Condition evaluation unchanged
2020-09-27 01:49:01 [INFO ] o.s.s.c.ThreadPoolTaskExecutor - Shutting down ExecutorService 'applicationTaskExecutor'
2020-09-27 01:49:01 [INFO ] c.example.sbs.lolHi.LolHiApplication - Starting LolHiApplication on DESKTOP-PDHQQU8 with PID 444 (C:\work\sts-4.7.1.RELEASE-workspace\lolHi\target\classes started by Shindong in C:\work\sts-4.7.1.RELEASE-workspace\lolHi)
2020-09-27 01:49:01 [INFO ] c.example.sbs.lolHi.LolHiApplication - The following profiles are active: local
2020-09-27 01:49:01 [WARN ] o.m.s.mapper.ClassPathMapperScanner - No MyBatis mapper was found in '[com.example.sbs.lolHi]' package. Please check your configuration.
2020-09-27 01:49:01 [INFO ] o.s.b.w.e.tomcat.TomcatWebServer - Tomcat initialized with port(s): 8085 (http)
2020-09-27 01:49:01 [INFO ] o.a.coyote.http11.Http11NioProtocol - Initializing ProtocolHandler ["http-nio-8085"]
2020-09-27 01:49:01 [INFO ] o.a.catalina.core.StandardService - Starting service [Tomcat]
2020-09-27 01:49:01 [INFO ] o.a.catalina.core.StandardEngine - Starting Servlet engine: [Apache Tomcat/9.0.38]
2020-09-27 01:49:01 [INFO ] org.apache.jasper.servlet.TldScanner - At least one JAR was scanned for TLDs yet contained no TLDs. Enable debug logging for this logger for a complete list of JARs that were scanned but no TLDs were found in them. Skipping unneeded JARs during scanning can improve startup time and JSP compilation time.
2020-09-27 01:49:01 [INFO ] o.a.c.c.C.[Tomcat-1].[localhost].[/] - Initializing Spring embedded WebApplicationContext
2020-09-27 01:49:01 [INFO ] o.s.b.w.s.c.ServletWebServerApplicationContext - Root WebApplicationContext: initialization completed in 294 ms
2020-09-27 01:49:01 [INFO ] o.s.s.c.ThreadPoolTaskExecutor - Initializing ExecutorService 'applicationTaskExecutor'
2020-09-27 01:49:01 [INFO ] o.s.b.d.a.OptionalLiveReloadServer - LiveReload server is running on port 35729
2020-09-27 01:49:01 [INFO ] o.a.coyote.http11.Http11NioProtocol - Starting ProtocolHandler ["http-nio-8085"]
2020-09-27 01:49:01 [INFO ] o.s.b.w.e.tomcat.TomcatWebServer - Tomcat started on port(s): 8085 (http) with context path ''
2020-09-27 01:49:01 [INFO ] c.example.sbs.lolHi.LolHiApplication - Started LolHiApplication in 0.531 seconds (JVM running for 441.938)
2020-09-27 01:49:01 [INFO ] o.s.b.d.a.ConditionEvaluationDeltaLoggingListener - Condition evaluation unchanged
2020-09-27 01:49:22 [INFO ] o.s.s.c.ThreadPoolTaskExecutor - Shutting down ExecutorService 'applicationTaskExecutor'
2020-09-27 01:49:22 [INFO ] c.example.sbs.lolHi.LolHiApplication - Starting LolHiApplication on DESKTOP-PDHQQU8 with PID 444 (C:\work\sts-4.7.1.RELEASE-workspace\lolHi\target\classes started by Shindong in C:\work\sts-4.7.1.RELEASE-workspace\lolHi)
2020-09-27 01:49:22 [INFO ] c.example.sbs.lolHi.LolHiApplication - The following profiles are active: local
2020-09-27 01:49:22 [INFO ] o.s.b.w.e.tomcat.TomcatWebServer - Tomcat initialized with port(s): 8085 (http)
2020-09-27 01:49:22 [INFO ] o.a.coyote.http11.Http11NioProtocol - Initializing ProtocolHandler ["http-nio-8085"]
2020-09-27 01:49:22 [INFO ] o.a.catalina.core.StandardService - Starting service [Tomcat]
2020-09-27 01:49:22 [INFO ] o.a.catalina.core.StandardEngine - Starting Servlet engine: [Apache Tomcat/9.0.38]
2020-09-27 01:49:22 [INFO ] org.apache.jasper.servlet.TldScanner - At least one JAR was scanned for TLDs yet contained no TLDs. Enable debug logging for this logger for a complete list of JARs that were scanned but no TLDs were found in them. Skipping unneeded JARs during scanning can improve startup time and JSP compilation time.
2020-09-27 01:49:22 [INFO ] o.a.c.c.C.[Tomcat-1].[localhost].[/] - Initializing Spring embedded WebApplicationContext
2020-09-27 01:49:22 [INFO ] o.s.b.w.s.c.ServletWebServerApplicationContext - Root WebApplicationContext: initialization completed in 390 ms
2020-09-27 01:49:22 [INFO ] o.s.s.c.ThreadPoolTaskExecutor - Initializing ExecutorService 'applicationTaskExecutor'
2020-09-27 01:49:22 [INFO ] o.s.b.d.a.OptionalLiveReloadServer - LiveReload server is running on port 35729
2020-09-27 01:49:23 [ERROR] o.m.spring.mapper.MapperFactoryBean - Error while adding the mapper 'interface com.example.sbs.lolHi.dao.ArticleDao' to configuration.
org.apache.ibatis.builder.BuilderException: Error parsing Mapper XML. The XML location is 'com/example/sbs/lolHi/dao/ArticleDao.xml'. Cause: org.apache.ibatis.builder.BuilderException: Wrong namespace. Expected 'com.example.sbs.lolHi.dao.ArticleDao' but found 'com.sbs.example.lolHi.dao.ArticleDao'.
	at org.apache.ibatis.builder.xml.XMLMapperBuilder.configurationElement(XMLMapperBuilder.java:123)
	at org.apache.ibatis.builder.xml.XMLMapperBuilder.parse(XMLMapperBuilder.java:95)
	at org.apache.ibatis.builder.annotation.MapperAnnotationBuilder.loadXmlResource(MapperAnnotationBuilder.java:179)
	at org.apache.ibatis.builder.annotation.MapperAnnotationBuilder.parse(MapperAnnotationBuilder.java:118)
	at org.apache.ibatis.binding.MapperRegistry.addMapper(MapperRegistry.java:72)
	at org.apache.ibatis.session.Configuration.addMapper(Configuration.java:819)
	at org.mybatis.spring.mapper.MapperFactoryBean.checkDaoConfig(MapperFactoryBean.java:80)
	at org.springframework.dao.support.DaoSupport.afterPropertiesSet(DaoSupport.java:44)
	at org.springframework.beans.factory.support.AbstractAutowireCapableBeanFactory.invokeInitMethods(AbstractAutowireCapableBeanFactory.java:1853)
	at org.springframework.beans.factory.support.AbstractAutowireCapableBeanFactory.initializeBean(AbstractAutowireCapableBeanFactory.java:1790)
	at org.springframework.beans.factory.support.AbstractAutowireCapableBeanFactory.doCreateBean(AbstractAutowireCapableBeanFactory.java:594)
	at org.springframework.beans.factory.support.AbstractAutowireCapableBeanFactory.createBean(AbstractAutowireCapableBeanFactory.java:516)
	at org.springframework.beans.factory.support.AbstractBeanFactory.lambda$doGetBean$0(AbstractBeanFactory.java:324)
	at org.springframework.beans.factory.support.DefaultSingletonBeanRegistry.getSingleton(DefaultSingletonBeanRegistry.java:234)
	at org.springframework.beans.factory.support.AbstractBeanFactory.doGetBean(AbstractBeanFactory.java:322)
	at org.springframework.beans.factory.support.AbstractBeanFactory.getBean(AbstractBeanFactory.java:202)
	at org.springframework.beans.factory.support.DefaultListableBeanFactory.preInstantiateSingletons(DefaultListableBeanFactory.java:878)
	at org.springframework.context.support.AbstractApplicationContext.finishBeanFactoryInitialization(AbstractApplicationContext.java:879)
	at org.springframework.context.support.AbstractApplicationContext.refresh(AbstractApplicationContext.java:551)
	at org.springframework.boot.web.servlet.context.ServletWebServerApplicationContext.refresh(ServletWebServerApplicationContext.java:143)
	at org.springframework.boot.SpringApplication.refresh(SpringApplication.java:758)
	at org.springframework.boot.SpringApplication.refresh(SpringApplication.java:750)
	at org.springframework.boot.SpringApplication.refreshContext(SpringApplication.java:397)
	at org.springframework.boot.SpringApplication.run(SpringApplication.java:315)
	at org.springframework.boot.SpringApplication.run(SpringApplication.java:1237)
	at org.springframework.boot.SpringApplication.run(SpringApplication.java:1226)
	at com.example.sbs.lolHi.LolHiApplication.main(LolHiApplication.java:10)
	at sun.reflect.NativeMethodAccessorImpl.invoke0(Native Method)
	at sun.reflect.NativeMethodAccessorImpl.invoke(NativeMethodAccessorImpl.java:62)
	at sun.reflect.DelegatingMethodAccessorImpl.invoke(DelegatingMethodAccessorImpl.java:43)
	at java.lang.reflect.Method.invoke(Method.java:498)
	at org.springframework.boot.devtools.restart.RestartLauncher.run(RestartLauncher.java:49)
Caused by: org.apache.ibatis.builder.BuilderException: Wrong namespace. Expected 'com.example.sbs.lolHi.dao.ArticleDao' but found 'com.sbs.example.lolHi.dao.ArticleDao'.
	at org.apache.ibatis.builder.MapperBuilderAssistant.setCurrentNamespace(MapperBuilderAssistant.java:78)
	at org.apache.ibatis.builder.xml.XMLMapperBuilder.configurationElement(XMLMapperBuilder.java:115)
	... 31 common frames omitted
2020-09-27 01:49:23 [WARN ] o.s.b.w.s.c.AnnotationConfigServletWebServerApplicationContext - Exception encountered during context initialization - cancelling refresh attempt: org.springframework.beans.factory.BeanCreationException: Error creating bean with name 'articleDao' defined in file [C:\work\sts-4.7.1.RELEASE-workspace\lolHi\target\classes\com\example\sbs\lolHi\dao\ArticleDao.class]: Invocation of init method failed; nested exception is java.lang.IllegalArgumentException: org.apache.ibatis.builder.BuilderException: Error parsing Mapper XML. The XML location is 'com/example/sbs/lolHi/dao/ArticleDao.xml'. Cause: org.apache.ibatis.builder.BuilderException: Wrong namespace. Expected 'com.example.sbs.lolHi.dao.ArticleDao' but found 'com.sbs.example.lolHi.dao.ArticleDao'.
2020-09-27 01:49:23 [INFO ] o.s.s.c.ThreadPoolTaskExecutor - Shutting down ExecutorService 'applicationTaskExecutor'
2020-09-27 01:49:23 [INFO ] o.a.catalina.core.StandardService - Stopping service [Tomcat]
2020-09-27 01:49:23 [INFO ] o.s.b.a.l.ConditionEvaluationReportLoggingListener - 

Error starting ApplicationContext. To display the conditions report re-run your application with 'debug' enabled.
2020-09-27 01:49:23 [ERROR] o.s.boot.SpringApplication - Application run failed
org.springframework.beans.factory.BeanCreationException: Error creating bean with name 'articleDao' defined in file [C:\work\sts-4.7.1.RELEASE-workspace\lolHi\target\classes\com\example\sbs\lolHi\dao\ArticleDao.class]: Invocation of init method failed; nested exception is java.lang.IllegalArgumentException: org.apache.ibatis.builder.BuilderException: Error parsing Mapper XML. The XML location is 'com/example/sbs/lolHi/dao/ArticleDao.xml'. Cause: org.apache.ibatis.builder.BuilderException: Wrong namespace. Expected 'com.example.sbs.lolHi.dao.ArticleDao' but found 'com.sbs.example.lolHi.dao.ArticleDao'.
	at org.springframework.beans.factory.support.AbstractAutowireCapableBeanFactory.initializeBean(AbstractAutowireCapableBeanFactory.java:1794)
	at org.springframework.beans.factory.support.AbstractAutowireCapableBeanFactory.doCreateBean(AbstractAutowireCapableBeanFactory.java:594)
	at org.springframework.beans.factory.support.AbstractAutowireCapableBeanFactory.createBean(AbstractAutowireCapableBeanFactory.java:516)
	at org.springframework.beans.factory.support.AbstractBeanFactory.lambda$doGetBean$0(AbstractBeanFactory.java:324)
	at org.springframework.beans.factory.support.DefaultSingletonBeanRegistry.getSingleton(DefaultSingletonBeanRegistry.java:234)
	at org.springframework.beans.factory.support.AbstractBeanFactory.doGetBean(AbstractBeanFactory.java:322)
	at org.springframework.beans.factory.support.AbstractBeanFactory.getBean(AbstractBeanFactory.java:202)
	at org.springframework.beans.factory.support.DefaultListableBeanFactory.preInstantiateSingletons(DefaultListableBeanFactory.java:878)
	at org.springframework.context.support.AbstractApplicationContext.finishBeanFactoryInitialization(AbstractApplicationContext.java:879)
	at org.springframework.context.support.AbstractApplicationContext.refresh(AbstractApplicationContext.java:551)
	at org.springframework.boot.web.servlet.context.ServletWebServerApplicationContext.refresh(ServletWebServerApplicationContext.java:143)
	at org.springframework.boot.SpringApplication.refresh(SpringApplication.java:758)
	at org.springframework.boot.SpringApplication.refresh(SpringApplication.java:750)
	at org.springframework.boot.SpringApplication.refreshContext(SpringApplication.java:397)
	at org.springframework.boot.SpringApplication.run(SpringApplication.java:315)
	at org.springframework.boot.SpringApplication.run(SpringApplication.java:1237)
	at org.springframework.boot.SpringApplication.run(SpringApplication.java:1226)
	at com.example.sbs.lolHi.LolHiApplication.main(LolHiApplication.java:10)
	at sun.reflect.NativeMethodAccessorImpl.invoke0(Native Method)
	at sun.reflect.NativeMethodAccessorImpl.invoke(NativeMethodAccessorImpl.java:62)
	at sun.reflect.DelegatingMethodAccessorImpl.invoke(DelegatingMethodAccessorImpl.java:43)
	at java.lang.reflect.Method.invoke(Method.java:498)
	at org.springframework.boot.devtools.restart.RestartLauncher.run(RestartLauncher.java:49)
Caused by: java.lang.IllegalArgumentException: org.apache.ibatis.builder.BuilderException: Error parsing Mapper XML. The XML location is 'com/example/sbs/lolHi/dao/ArticleDao.xml'. Cause: org.apache.ibatis.builder.BuilderException: Wrong namespace. Expected 'com.example.sbs.lolHi.dao.ArticleDao' but found 'com.sbs.example.lolHi.dao.ArticleDao'.
	at org.mybatis.spring.mapper.MapperFactoryBean.checkDaoConfig(MapperFactoryBean.java:83)
	at org.springframework.dao.support.DaoSupport.afterPropertiesSet(DaoSupport.java:44)
	at org.springframework.beans.factory.support.AbstractAutowireCapableBeanFactory.invokeInitMethods(AbstractAutowireCapableBeanFactory.java:1853)
	at org.springframework.beans.factory.support.AbstractAutowireCapableBeanFactory.initializeBean(AbstractAutowireCapableBeanFactory.java:1790)
	... 22 common frames omitted
Caused by: org.apache.ibatis.builder.BuilderException: Error parsing Mapper XML. The XML location is 'com/example/sbs/lolHi/dao/ArticleDao.xml'. Cause: org.apache.ibatis.builder.BuilderException: Wrong namespace. Expected 'com.example.sbs.lolHi.dao.ArticleDao' but found 'com.sbs.example.lolHi.dao.ArticleDao'.
	at org.apache.ibatis.builder.xml.XMLMapperBuilder.configurationElement(XMLMapperBuilder.java:123)
	at org.apache.ibatis.builder.xml.XMLMapperBuilder.parse(XMLMapperBuilder.java:95)
	at org.apache.ibatis.builder.annotation.MapperAnnotationBuilder.loadXmlResource(MapperAnnotationBuilder.java:179)
	at org.apache.ibatis.builder.annotation.MapperAnnotationBuilder.parse(MapperAnnotationBuilder.java:118)
	at org.apache.ibatis.binding.MapperRegistry.addMapper(MapperRegistry.java:72)
	at org.apache.ibatis.session.Configuration.addMapper(Configuration.java:819)
	at org.mybatis.spring.mapper.MapperFactoryBean.checkDaoConfig(MapperFactoryBean.java:80)
	... 25 common frames omitted
Caused by: org.apache.ibatis.builder.BuilderException: Wrong namespace. Expected 'com.example.sbs.lolHi.dao.ArticleDao' but found 'com.sbs.example.lolHi.dao.ArticleDao'.
	at org.apache.ibatis.builder.MapperBuilderAssistant.setCurrentNamespace(MapperBuilderAssistant.java:78)
	at org.apache.ibatis.builder.xml.XMLMapperBuilder.configurationElement(XMLMapperBuilder.java:115)
	... 31 common frames omitted
2020-09-27 01:49:56 [INFO ] c.example.sbs.lolHi.LolHiApplication - Starting LolHiApplication on DESKTOP-PDHQQU8 with PID 444 (C:\work\sts-4.7.1.RELEASE-workspace\lolHi\target\classes started by Shindong in C:\work\sts-4.7.1.RELEASE-workspace\lolHi)
2020-09-27 01:49:56 [INFO ] c.example.sbs.lolHi.LolHiApplication - The following profiles are active: local
2020-09-27 01:49:57 [INFO ] o.s.b.w.e.tomcat.TomcatWebServer - Tomcat initialized with port(s): 8085 (http)
2020-09-27 01:49:57 [INFO ] o.a.coyote.http11.Http11NioProtocol - Initializing ProtocolHandler ["http-nio-8085"]
2020-09-27 01:49:57 [INFO ] o.a.catalina.core.StandardService - Starting service [Tomcat]
2020-09-27 01:49:57 [INFO ] o.a.catalina.core.StandardEngine - Starting Servlet engine: [Apache Tomcat/9.0.38]
2020-09-27 01:49:57 [INFO ] org.apache.jasper.servlet.TldScanner - At least one JAR was scanned for TLDs yet contained no TLDs. Enable debug logging for this logger for a complete list of JARs that were scanned but no TLDs were found in them. Skipping unneeded JARs during scanning can improve startup time and JSP compilation time.
2020-09-27 01:49:57 [INFO ] o.a.c.c.C.[Tomcat-2].[localhost].[/] - Initializing Spring embedded WebApplicationContext
2020-09-27 01:49:57 [INFO ] o.s.b.w.s.c.ServletWebServerApplicationContext - Root WebApplicationContext: initialization completed in 302 ms
2020-09-27 01:49:57 [INFO ] o.s.s.c.ThreadPoolTaskExecutor - Initializing ExecutorService 'applicationTaskExecutor'
2020-09-27 01:49:57 [INFO ] o.s.b.d.a.OptionalLiveReloadServer - LiveReload server is running on port 35729
2020-09-27 01:49:57 [ERROR] o.m.spring.mapper.MapperFactoryBean - Error while adding the mapper 'interface com.example.sbs.lolHi.dao.ArticleDao' to configuration.
org.apache.ibatis.builder.BuilderException: Error parsing Mapper XML. The XML location is 'com/example/sbs/lolHi/dao/ArticleDao.xml'. Cause: org.apache.ibatis.builder.BuilderException: Wrong namespace. Expected 'com.example.sbs.lolHi.dao.ArticleDao' but found 'com.sbs.example.lolHi.dao.ArticleDao'.
	at org.apache.ibatis.builder.xml.XMLMapperBuilder.configurationElement(XMLMapperBuilder.java:123)
	at org.apache.ibatis.builder.xml.XMLMapperBuilder.parse(XMLMapperBuilder.java:95)
	at org.apache.ibatis.builder.annotation.MapperAnnotationBuilder.loadXmlResource(MapperAnnotationBuilder.java:179)
	at org.apache.ibatis.builder.annotation.MapperAnnotationBuilder.parse(MapperAnnotationBuilder.java:118)
	at org.apache.ibatis.binding.MapperRegistry.addMapper(MapperRegistry.java:72)
	at org.apache.ibatis.session.Configuration.addMapper(Configuration.java:819)
	at org.mybatis.spring.mapper.MapperFactoryBean.checkDaoConfig(MapperFactoryBean.java:80)
	at org.springframework.dao.support.DaoSupport.afterPropertiesSet(DaoSupport.java:44)
	at org.springframework.beans.factory.support.AbstractAutowireCapableBeanFactory.invokeInitMethods(AbstractAutowireCapableBeanFactory.java:1853)
	at org.springframework.beans.factory.support.AbstractAutowireCapableBeanFactory.initializeBean(AbstractAutowireCapableBeanFactory.java:1790)
	at org.springframework.beans.factory.support.AbstractAutowireCapableBeanFactory.doCreateBean(AbstractAutowireCapableBeanFactory.java:594)
	at org.springframework.beans.factory.support.AbstractAutowireCapableBeanFactory.createBean(AbstractAutowireCapableBeanFactory.java:516)
	at org.springframework.beans.factory.support.AbstractBeanFactory.lambda$doGetBean$0(AbstractBeanFactory.java:324)
	at org.springframework.beans.factory.support.DefaultSingletonBeanRegistry.getSingleton(DefaultSingletonBeanRegistry.java:234)
	at org.springframework.beans.factory.support.AbstractBeanFactory.doGetBean(AbstractBeanFactory.java:322)
	at org.springframework.beans.factory.support.AbstractBeanFactory.getBean(AbstractBeanFactory.java:202)
	at org.springframework.beans.factory.support.DefaultListableBeanFactory.preInstantiateSingletons(DefaultListableBeanFactory.java:878)
	at org.springframework.context.support.AbstractApplicationContext.finishBeanFactoryInitialization(AbstractApplicationContext.java:879)
	at org.springframework.context.support.AbstractApplicationContext.refresh(AbstractApplicationContext.java:551)
	at org.springframework.boot.web.servlet.context.ServletWebServerApplicationContext.refresh(ServletWebServerApplicationContext.java:143)
	at org.springframework.boot.SpringApplication.refresh(SpringApplication.java:758)
	at org.springframework.boot.SpringApplication.refresh(SpringApplication.java:750)
	at org.springframework.boot.SpringApplication.refreshContext(SpringApplication.java:397)
	at org.springframework.boot.SpringApplication.run(SpringApplication.java:315)
	at org.springframework.boot.SpringApplication.run(SpringApplication.java:1237)
	at org.springframework.boot.SpringApplication.run(SpringApplication.java:1226)
	at com.example.sbs.lolHi.LolHiApplication.main(LolHiApplication.java:10)
	at sun.reflect.NativeMethodAccessorImpl.invoke0(Native Method)
	at sun.reflect.NativeMethodAccessorImpl.invoke(NativeMethodAccessorImpl.java:62)
	at sun.reflect.DelegatingMethodAccessorImpl.invoke(DelegatingMethodAccessorImpl.java:43)
	at java.lang.reflect.Method.invoke(Method.java:498)
	at org.springframework.boot.devtools.restart.RestartLauncher.run(RestartLauncher.java:49)
Caused by: org.apache.ibatis.builder.BuilderException: Wrong namespace. Expected 'com.example.sbs.lolHi.dao.ArticleDao' but found 'com.sbs.example.lolHi.dao.ArticleDao'.
	at org.apache.ibatis.builder.MapperBuilderAssistant.setCurrentNamespace(MapperBuilderAssistant.java:78)
	at org.apache.ibatis.builder.xml.XMLMapperBuilder.configurationElement(XMLMapperBuilder.java:115)
	... 31 common frames omitted
2020-09-27 01:49:57 [WARN ] o.s.b.w.s.c.AnnotationConfigServletWebServerApplicationContext - Exception encountered during context initialization - cancelling refresh attempt: org.springframework.beans.factory.BeanCreationException: Error creating bean with name 'articleDao' defined in file [C:\work\sts-4.7.1.RELEASE-workspace\lolHi\target\classes\com\example\sbs\lolHi\dao\ArticleDao.class]: Invocation of init method failed; nested exception is java.lang.IllegalArgumentException: org.apache.ibatis.builder.BuilderException: Error parsing Mapper XML. The XML location is 'com/example/sbs/lolHi/dao/ArticleDao.xml'. Cause: org.apache.ibatis.builder.BuilderException: Wrong namespace. Expected 'com.example.sbs.lolHi.dao.ArticleDao' but found 'com.sbs.example.lolHi.dao.ArticleDao'.
2020-09-27 01:49:57 [INFO ] o.s.s.c.ThreadPoolTaskExecutor - Shutting down ExecutorService 'applicationTaskExecutor'
2020-09-27 01:49:57 [INFO ] o.a.catalina.core.StandardService - Stopping service [Tomcat]
2020-09-27 01:49:57 [INFO ] o.s.b.a.l.ConditionEvaluationReportLoggingListener - 

Error starting ApplicationContext. To display the conditions report re-run your application with 'debug' enabled.
2020-09-27 01:49:57 [ERROR] o.s.boot.SpringApplication - Application run failed
org.springframework.beans.factory.BeanCreationException: Error creating bean with name 'articleDao' defined in file [C:\work\sts-4.7.1.RELEASE-workspace\lolHi\target\classes\com\example\sbs\lolHi\dao\ArticleDao.class]: Invocation of init method failed; nested exception is java.lang.IllegalArgumentException: org.apache.ibatis.builder.BuilderException: Error parsing Mapper XML. The XML location is 'com/example/sbs/lolHi/dao/ArticleDao.xml'. Cause: org.apache.ibatis.builder.BuilderException: Wrong namespace. Expected 'com.example.sbs.lolHi.dao.ArticleDao' but found 'com.sbs.example.lolHi.dao.ArticleDao'.
	at org.springframework.beans.factory.support.AbstractAutowireCapableBeanFactory.initializeBean(AbstractAutowireCapableBeanFactory.java:1794)
	at org.springframework.beans.factory.support.AbstractAutowireCapableBeanFactory.doCreateBean(AbstractAutowireCapableBeanFactory.java:594)
	at org.springframework.beans.factory.support.AbstractAutowireCapableBeanFactory.createBean(AbstractAutowireCapableBeanFactory.java:516)
	at org.springframework.beans.factory.support.AbstractBeanFactory.lambda$doGetBean$0(AbstractBeanFactory.java:324)
	at org.springframework.beans.factory.support.DefaultSingletonBeanRegistry.getSingleton(DefaultSingletonBeanRegistry.java:234)
	at org.springframework.beans.factory.support.AbstractBeanFactory.doGetBean(AbstractBeanFactory.java:322)
	at org.springframework.beans.factory.support.AbstractBeanFactory.getBean(AbstractBeanFactory.java:202)
	at org.springframework.beans.factory.support.DefaultListableBeanFactory.preInstantiateSingletons(DefaultListableBeanFactory.java:878)
	at org.springframework.context.support.AbstractApplicationContext.finishBeanFactoryInitialization(AbstractApplicationContext.java:879)
	at org.springframework.context.support.AbstractApplicationContext.refresh(AbstractApplicationContext.java:551)
	at org.springframework.boot.web.servlet.context.ServletWebServerApplicationContext.refresh(ServletWebServerApplicationContext.java:143)
	at org.springframework.boot.SpringApplication.refresh(SpringApplication.java:758)
	at org.springframework.boot.SpringApplication.refresh(SpringApplication.java:750)
	at org.springframework.boot.SpringApplication.refreshContext(SpringApplication.java:397)
	at org.springframework.boot.SpringApplication.run(SpringApplication.java:315)
	at org.springframework.boot.SpringApplication.run(SpringApplication.java:1237)
	at org.springframework.boot.SpringApplication.run(SpringApplication.java:1226)
	at com.example.sbs.lolHi.LolHiApplication.main(LolHiApplication.java:10)
	at sun.reflect.NativeMethodAccessorImpl.invoke0(Native Method)
	at sun.reflect.NativeMethodAccessorImpl.invoke(NativeMethodAccessorImpl.java:62)
	at sun.reflect.DelegatingMethodAccessorImpl.invoke(DelegatingMethodAccessorImpl.java:43)
	at java.lang.reflect.Method.invoke(Method.java:498)
	at org.springframework.boot.devtools.restart.RestartLauncher.run(RestartLauncher.java:49)
Caused by: java.lang.IllegalArgumentException: org.apache.ibatis.builder.BuilderException: Error parsing Mapper XML. The XML location is 'com/example/sbs/lolHi/dao/ArticleDao.xml'. Cause: org.apache.ibatis.builder.BuilderException: Wrong namespace. Expected 'com.example.sbs.lolHi.dao.ArticleDao' but found 'com.sbs.example.lolHi.dao.ArticleDao'.
	at org.mybatis.spring.mapper.MapperFactoryBean.checkDaoConfig(MapperFactoryBean.java:83)
	at org.springframework.dao.support.DaoSupport.afterPropertiesSet(DaoSupport.java:44)
	at org.springframework.beans.factory.support.AbstractAutowireCapableBeanFactory.invokeInitMethods(AbstractAutowireCapableBeanFactory.java:1853)
	at org.springframework.beans.factory.support.AbstractAutowireCapableBeanFactory.initializeBean(AbstractAutowireCapableBeanFactory.java:1790)
	... 22 common frames omitted
Caused by: org.apache.ibatis.builder.BuilderException: Error parsing Mapper XML. The XML location is 'com/example/sbs/lolHi/dao/ArticleDao.xml'. Cause: org.apache.ibatis.builder.BuilderException: Wrong namespace. Expected 'com.example.sbs.lolHi.dao.ArticleDao' but found 'com.sbs.example.lolHi.dao.ArticleDao'.
	at org.apache.ibatis.builder.xml.XMLMapperBuilder.configurationElement(XMLMapperBuilder.java:123)
	at org.apache.ibatis.builder.xml.XMLMapperBuilder.parse(XMLMapperBuilder.java:95)
	at org.apache.ibatis.builder.annotation.MapperAnnotationBuilder.loadXmlResource(MapperAnnotationBuilder.java:179)
	at org.apache.ibatis.builder.annotation.MapperAnnotationBuilder.parse(MapperAnnotationBuilder.java:118)
	at org.apache.ibatis.binding.MapperRegistry.addMapper(MapperRegistry.java:72)
	at org.apache.ibatis.session.Configuration.addMapper(Configuration.java:819)
	at org.mybatis.spring.mapper.MapperFactoryBean.checkDaoConfig(MapperFactoryBean.java:80)
	... 25 common frames omitted
Caused by: org.apache.ibatis.builder.BuilderException: Wrong namespace. Expected 'com.example.sbs.lolHi.dao.ArticleDao' but found 'com.sbs.example.lolHi.dao.ArticleDao'.
	at org.apache.ibatis.builder.MapperBuilderAssistant.setCurrentNamespace(MapperBuilderAssistant.java:78)
	at org.apache.ibatis.builder.xml.XMLMapperBuilder.configurationElement(XMLMapperBuilder.java:115)
	... 31 common frames omitted
2020-09-27 01:50:46 [INFO ] c.example.sbs.lolHi.LolHiApplication - Starting LolHiApplication on DESKTOP-PDHQQU8 with PID 444 (C:\work\sts-4.7.1.RELEASE-workspace\lolHi\target\classes started by Shindong in C:\work\sts-4.7.1.RELEASE-workspace\lolHi)
2020-09-27 01:50:46 [INFO ] c.example.sbs.lolHi.LolHiApplication - The following profiles are active: local
2020-09-27 01:50:46 [INFO ] o.s.b.w.e.tomcat.TomcatWebServer - Tomcat initialized with port(s): 8085 (http)
2020-09-27 01:50:46 [INFO ] o.a.coyote.http11.Http11NioProtocol - Initializing ProtocolHandler ["http-nio-8085"]
2020-09-27 01:50:46 [INFO ] o.a.catalina.core.StandardService - Starting service [Tomcat]
2020-09-27 01:50:46 [INFO ] o.a.catalina.core.StandardEngine - Starting Servlet engine: [Apache Tomcat/9.0.38]
2020-09-27 01:50:46 [INFO ] org.apache.jasper.servlet.TldScanner - At least one JAR was scanned for TLDs yet contained no TLDs. Enable debug logging for this logger for a complete list of JARs that were scanned but no TLDs were found in them. Skipping unneeded JARs during scanning can improve startup time and JSP compilation time.
2020-09-27 01:50:46 [INFO ] o.a.c.c.C.[Tomcat-3].[localhost].[/] - Initializing Spring embedded WebApplicationContext
2020-09-27 01:50:46 [INFO ] o.s.b.w.s.c.ServletWebServerApplicationContext - Root WebApplicationContext: initialization completed in 350 ms
2020-09-27 01:50:46 [INFO ] o.s.s.c.ThreadPoolTaskExecutor - Initializing ExecutorService 'applicationTaskExecutor'
2020-09-27 01:50:46 [INFO ] o.s.b.d.a.OptionalLiveReloadServer - LiveReload server is running on port 35729
2020-09-27 01:50:46 [INFO ] o.a.coyote.http11.Http11NioProtocol - Starting ProtocolHandler ["http-nio-8085"]
2020-09-27 01:50:46 [INFO ] o.s.b.w.e.tomcat.TomcatWebServer - Tomcat started on port(s): 8085 (http) with context path ''
2020-09-27 01:50:46 [INFO ] c.example.sbs.lolHi.LolHiApplication - Started LolHiApplication in 0.593 seconds (JVM running for 547.125)
2020-09-27 01:50:46 [INFO ] o.s.b.d.a.ConditionEvaluationDeltaLoggingListener - Condition evaluation unchanged
2020-09-27 01:51:01 [INFO ] o.s.s.c.ThreadPoolTaskExecutor - Shutting down ExecutorService 'applicationTaskExecutor'
2020-09-27 01:51:01 [INFO ] c.example.sbs.lolHi.LolHiApplication - Starting LolHiApplication on DESKTOP-PDHQQU8 with PID 444 (C:\work\sts-4.7.1.RELEASE-workspace\lolHi\target\classes started by Shindong in C:\work\sts-4.7.1.RELEASE-workspace\lolHi)
2020-09-27 01:51:01 [INFO ] c.example.sbs.lolHi.LolHiApplication - The following profiles are active: local
2020-09-27 01:51:01 [INFO ] o.s.b.w.e.tomcat.TomcatWebServer - Tomcat initialized with port(s): 8085 (http)
2020-09-27 01:51:01 [INFO ] o.a.coyote.http11.Http11NioProtocol - Initializing ProtocolHandler ["http-nio-8085"]
2020-09-27 01:51:01 [INFO ] o.a.catalina.core.StandardService - Starting service [Tomcat]
2020-09-27 01:51:01 [INFO ] o.a.catalina.core.StandardEngine - Starting Servlet engine: [Apache Tomcat/9.0.38]
2020-09-27 01:51:01 [INFO ] org.apache.jasper.servlet.TldScanner - At least one JAR was scanned for TLDs yet contained no TLDs. Enable debug logging for this logger for a complete list of JARs that were scanned but no TLDs were found in them. Skipping unneeded JARs during scanning can improve startup time and JSP compilation time.
2020-09-27 01:51:01 [INFO ] o.a.c.c.C.[Tomcat-3].[localhost].[/] - Initializing Spring embedded WebApplicationContext
2020-09-27 01:51:01 [INFO ] o.s.b.w.s.c.ServletWebServerApplicationContext - Root WebApplicationContext: initialization completed in 295 ms
2020-09-27 01:51:01 [INFO ] o.s.s.c.ThreadPoolTaskExecutor - Initializing ExecutorService 'applicationTaskExecutor'
2020-09-27 01:51:02 [INFO ] o.s.b.d.a.OptionalLiveReloadServer - LiveReload server is running on port 35729
2020-09-27 01:51:02 [INFO ] o.a.coyote.http11.Http11NioProtocol - Starting ProtocolHandler ["http-nio-8085"]
2020-09-27 01:51:02 [INFO ] o.s.b.w.e.tomcat.TomcatWebServer - Tomcat started on port(s): 8085 (http) with context path ''
2020-09-27 01:51:02 [INFO ] c.example.sbs.lolHi.LolHiApplication - Started LolHiApplication in 0.48 seconds (JVM running for 562.356)
2020-09-27 01:51:02 [INFO ] o.s.b.d.a.ConditionEvaluationDeltaLoggingListener - Condition evaluation unchanged
2020-09-27 01:51:20 [INFO ] o.s.s.c.ThreadPoolTaskExecutor - Shutting down ExecutorService 'applicationTaskExecutor'
2020-09-27 01:51:20 [INFO ] c.example.sbs.lolHi.LolHiApplication - Starting LolHiApplication on DESKTOP-PDHQQU8 with PID 444 (C:\work\sts-4.7.1.RELEASE-workspace\lolHi\target\classes started by Shindong in C:\work\sts-4.7.1.RELEASE-workspace\lolHi)
2020-09-27 01:51:20 [INFO ] c.example.sbs.lolHi.LolHiApplication - The following profiles are active: local
2020-09-27 01:51:21 [INFO ] o.s.b.w.e.tomcat.TomcatWebServer - Tomcat initialized with port(s): 8085 (http)
2020-09-27 01:51:21 [INFO ] o.a.coyote.http11.Http11NioProtocol - Initializing ProtocolHandler ["http-nio-8085"]
2020-09-27 01:51:21 [INFO ] o.a.catalina.core.StandardService - Starting service [Tomcat]
2020-09-27 01:51:21 [INFO ] o.a.catalina.core.StandardEngine - Starting Servlet engine: [Apache Tomcat/9.0.38]
2020-09-27 01:51:21 [INFO ] org.apache.jasper.servlet.TldScanner - At least one JAR was scanned for TLDs yet contained no TLDs. Enable debug logging for this logger for a complete list of JARs that were scanned but no TLDs were found in them. Skipping unneeded JARs during scanning can improve startup time and JSP compilation time.
2020-09-27 01:51:21 [INFO ] o.a.c.c.C.[Tomcat-3].[localhost].[/] - Initializing Spring embedded WebApplicationContext
2020-09-27 01:51:21 [INFO ] o.s.b.w.s.c.ServletWebServerApplicationContext - Root WebApplicationContext: initialization completed in 322 ms
2020-09-27 01:51:21 [INFO ] o.s.s.c.ThreadPoolTaskExecutor - Initializing ExecutorService 'applicationTaskExecutor'
2020-09-27 01:51:21 [INFO ] o.s.b.d.a.OptionalLiveReloadServer - LiveReload server is running on port 35729
2020-09-27 01:51:21 [INFO ] o.a.coyote.http11.Http11NioProtocol - Starting ProtocolHandler ["http-nio-8085"]
2020-09-27 01:51:21 [INFO ] o.s.b.w.e.tomcat.TomcatWebServer - Tomcat started on port(s): 8085 (http) with context path ''
2020-09-27 01:51:21 [INFO ] c.example.sbs.lolHi.LolHiApplication - Started LolHiApplication in 0.494 seconds (JVM running for 581.616)
2020-09-27 01:51:21 [INFO ] o.s.b.d.a.ConditionEvaluationDeltaLoggingListener - Condition evaluation unchanged
2020-09-27 01:51:48 [INFO ] o.s.s.c.ThreadPoolTaskExecutor - Shutting down ExecutorService 'applicationTaskExecutor'
